<?xml version="1.0" encoding="UTF-8"?>
<!-- Generated by org.testng.reporters.JUnitReportReporter -->
<testsuite skipped="0" hostname="monalisas-MacBook-Pro.local" name="com.TestStackOverFlow" tests="1" failures="0" timestamp="2020-08-12T23:31:12 IST" time="9.839" errors="0">
  <testcase name="testStackOverFlow" time="9.839" classname="com.TestStackOverFlow"/>
  <system-out>
The Tag Name: .htaccess has maximum question count of: 68380  </system-out>
</testsuite> <!-- com.TestStackOverFlow -->
