<?xml version="1.0" encoding="UTF-8"?>
<!-- Generated by org.testng.reporters.JUnitReportReporter -->
<testsuite skipped="0" hostname="monalisas-MacBook-Pro.local" name="com.TestStackOverFlow" tests="1" failures="0" timestamp="2020-08-10T00:25:53 IST" time="11.353" errors="0">
  <testcase name="testStackOverFlow" time="11.353" classname="com.TestStackOverFlow"/>
  <system-out>
The Tag Name: .htaccess has maximum question count of: 68352  </system-out>
</testsuite> <!-- com.TestStackOverFlow -->
